# JRE version: OpenJDK Runtime Environment (11.0.15) (build 11.0.15+0-b2043.56-9505619)
# Java VM: OpenJDK 64-Bit Server VM (11.0.15+0-b2043.56-9505619, mixed mode, tiered, compressed oops, g1 gc, windows-amd64)
Heap:
 garbage-first heap   total 625664K, used 359604K [0x0000000080000000, 0x0000000100000000)
  region size 1024K, 2 young (2048K), 2 survivors (2048K)
 Metaspace       used 191975K, capacity 197398K, committed 198696K, reserved 1222656K
  class space    used 23992K, capacity 25964K, committed 26528K, reserved 1048576K
GC Heap History (20 events):
Event: 473.135 GC heap after
{Heap after GC invocations=223 (full 0):
 garbage-first heap   total 413696K, used 308429K [0x0000000080000000, 0x0000000100000000)
  region size 1024K, 6 young (6144K), 6 survivors (6144K)
 Metaspace       used 185930K, capacity 191377K, committed 191400K, reserved 1216512K
  class space    used 23176K, capacity 25108K, committed 25120K, reserved 1048576K
}
Event: 473.459 GC heap before
{Heap before GC invocations=223 (full 0):
 garbage-first heap   total 413696K, used 348365K [0x0000000080000000, 0x0000000100000000)
  region size 1024K, 46 young (47104K), 6 survivors (6144K)
 Metaspace       used 185959K, capacity 191162K, committed 192040K, reserved 1216512K
  class space    used 23079K, capacity 24928K, committed 25248K, reserved 1048576K
}
Event: 473.481 GC heap after
{Heap after GC invocations=224 (full 0):
 garbage-first heap   total 413696K, used 316416K [0x0000000080000000, 0x0000000100000000)
  region size 1024K, 6 young (6144K), 6 survivors (6144K)
 Metaspace       used 185959K, capacity 191162K, committed 192040K, reserved 1216512K
  class space    used 23079K, capacity 24928K, committed 25248K, reserved 1048576K
}
Event: 473.746 GC heap before
{Heap before GC invocations=225 (full 0):
 garbage-first heap   total 413696K, used 352256K [0x0000000080000000, 0x0000000100000000)
  region size 1024K, 42 young (43008K), 6 survivors (6144K)
 Metaspace       used 186782K, capacity 192009K, committed 192808K, reserved 1216512K
  class space    used 23174K, capacity 25029K, committed 25248K, reserved 1048576K
}
Event: 473.763 GC heap after
{Heap after GC invocations=226 (full 0):
 garbage-first heap   total 413696K, used 322907K [0x0000000080000000, 0x0000000100000000)
  region size 1024K, 6 young (6144K), 6 survivors (6144K)
 Metaspace       used 186782K, capacity 192009K, committed 192808K, reserved 1216512K
  class space    used 23174K, capacity 25029K, committed 25248K, reserved 1048576K
}
Event: 473.831 GC heap before
{Heap before GC invocations=226 (full 0):
 garbage-first heap   total 413696K, used 337243K [0x0000000080000000, 0x0000000100000000)
  region size 1024K, 20 young (20480K), 6 survivors (6144K)
 Metaspace       used 186977K, capacity 192266K, committed 192808K, reserved 1216512K
  class space    used 23241K, capacity 25150K, committed 25248K, reserved 1048576K
}
Event: 473.850 GC heap after
{Heap after GC invocations=227 (full 0):
 garbage-first heap   total 413696K, used 322031K [0x0000000080000000, 0x0000000100000000)
  region size 1024K, 3 young (3072K), 3 survivors (3072K)
 Metaspace       used 186977K, capacity 192266K, committed 192808K, reserved 1216512K
  class space    used 23241K, capacity 25150K, committed 25248K, reserved 1048576K
}
Event: 474.040 GC heap before
{Heap before GC invocations=227 (full 0):
 garbage-first heap   total 413696K, used 353775K [0x0000000080000000, 0x0000000100000000)
  region size 1024K, 35 young (35840K), 3 survivors (3072K)
 Metaspace       used 188041K, capacity 193681K, committed 193704K, reserved 1218560K
  class space    used 23510K, capacity 25615K, committed 25632K, reserved 1048576K
}
Event: 474.057 GC heap after
{Heap after GC invocations=228 (full 0):
 garbage-first heap   total 413696K, used 327157K [0x0000000080000000, 0x0000000100000000)
  region size 1024K, 5 young (5120K), 5 survivors (5120K)
 Metaspace       used 188041K, capacity 193681K, committed 193704K, reserved 1218560K
  class space    used 23510K, capacity 25615K, committed 25632K, reserved 1048576K
}
Event: 474.129 GC heap before
{Heap before GC invocations=228 (full 0):
 garbage-first heap   total 413696K, used 355829K [0x0000000080000000, 0x0000000100000000)
  region size 1024K, 34 young (34816K), 5 survivors (5120K)
 Metaspace       used 188173K, capacity 193781K, committed 193960K, reserved 1218560K
  class space    used 23532K, capacity 25627K, committed 25632K, reserved 1048576K
}
Event: 474.141 GC heap after
{Heap after GC invocations=229 (full 0):
 garbage-first heap   total 413696K, used 332393K [0x0000000080000000, 0x0000000100000000)
  region size 1024K, 5 young (5120K), 5 survivors (5120K)
 Metaspace       used 188173K, capacity 193781K, committed 193960K, reserved 1218560K
  class space    used 23532K, capacity 25627K, committed 25632K, reserved 1048576K
}
Event: 474.196 GC heap before
{Heap before GC invocations=229 (full 0):
 garbage-first heap   total 413696K, used 359017K [0x0000000080000000, 0x0000000100000000)
  region size 1024K, 31 young (31744K), 5 survivors (5120K)
 Metaspace       used 188212K, capacity 193834K, committed 194088K, reserved 1218560K
  class space    used 23539K, capacity 25665K, committed 25760K, reserved 1048576K
}
Event: 474.211 GC heap after
{Heap after GC invocations=230 (full 0):
 garbage-first heap   total 481280K, used 336896K [0x0000000080000000, 0x0000000100000000)
  region size 1024K, 4 young (4096K), 4 survivors (4096K)
 Metaspace       used 188212K, capacity 193834K, committed 194088K, reserved 1218560K
  class space    used 23539K, capacity 25665K, committed 25760K, reserved 1048576K
}
Event: 474.593 GC heap before
{Heap before GC invocations=230 (full 0):
 garbage-first heap   total 481280K, used 389120K [0x0000000080000000, 0x0000000100000000)
  region size 1024K, 55 young (56320K), 4 survivors (4096K)
 Metaspace       used 188953K, capacity 194538K, committed 194984K, reserved 1218560K
  class space    used 23641K, capacity 25718K, committed 25888K, reserved 1048576K
}
Event: 474.618 GC heap after
{Heap after GC invocations=231 (full 0):
 garbage-first heap   total 481280K, used 345088K [0x0000000080000000, 0x0000000100000000)
  region size 1024K, 7 young (7168K), 7 survivors (7168K)
 Metaspace       used 188953K, capacity 194538K, committed 194984K, reserved 1218560K
  class space    used 23641K, capacity 25718K, committed 25888K, reserved 1048576K
}
Event: 475.071 GC heap before
{Heap before GC invocations=232 (full 0):
 garbage-first heap   total 481280K, used 396288K [0x0000000080000000, 0x0000000100000000)
  region size 1024K, 57 young (58368K), 7 survivors (7168K)
 Metaspace       used 190611K, capacity 196399K, committed 196520K, reserved 1220608K
  class space    used 23942K, capacity 26098K, committed 26144K, reserved 1048576K
}
Event: 475.090 GC heap after
{Heap after GC invocations=233 (full 0):
 garbage-first heap   total 481280K, used 353048K [0x0000000080000000, 0x0000000100000000)
  region size 1024K, 8 young (8192K), 8 survivors (8192K)
 Metaspace       used 190611K, capacity 196399K, committed 196520K, reserved 1220608K
  class space    used 23942K, capacity 26098K, committed 26144K, reserved 1048576K
}
Event: 475.426 GC heap before
{Heap before GC invocations=233 (full 0):
 garbage-first heap   total 481280K, used 402200K [0x0000000080000000, 0x0000000100000000)
  region size 1024K, 56 young (57344K), 8 survivors (8192K)
 Metaspace       used 192026K, capacity 197822K, committed 198056K, reserved 1220608K
  class space    used 24173K, capacity 26356K, committed 26400K, reserved 1048576K
}
Event: 475.441 GC heap after
{Heap after GC invocations=234 (full 0):
 garbage-first heap   total 481280K, used 358526K [0x0000000080000000, 0x0000000100000000)
  region size 1024K, 6 young (6144K), 6 survivors (6144K)
 Metaspace       used 192026K, capacity 197822K, committed 198056K, reserved 1220608K
  class space    used 24173K, capacity 26356K, committed 26400K, reserved 1048576K
}
Event: 475.922 GC heap before
{Heap before GC invocations=234 (full 0):
 garbage-first heap   total 481280K, used 406654K [0x0000000080000000, 0x0000000100000000)
  region size 1024K, 53 young (54272K), 6 survivors (6144K)
 Metaspace       used 191975K, capacity 197398K, committed 198696K, reserved 1222656K
  class space    used 23992K, capacity 25964K, committed 26528K, reserved 1048576K
}

